cbm_hbi_hbi                                       07-Feb-2023 14:32:43
Running hierarchical bayesian inference (HBI)...

HBI has been initialized according to
	lap_BBNew1Eta_HALO.mat [for model 1]
	lap_BBOneLik_HALO.mat [for model 2]
	lap_BBOneUnc_HALO.mat [for model 3]
 
Number of samples: 28
Number of models: 3
======================================================================
Iteration 01
Iteration 02
	model frequencies (percent)
	model 1: 27.5| model 2: 33.6| model 3: 38.9| 
                                                           dL:   31.85
                                                           dm:   61.08
                                                           dx:    0.32
Iteration 03
	model frequencies (percent)
	model 1: 16.5| model 2: 37.0| model 3: 46.5| 
                                                           dL:   13.90
                                                           dm:    7.57
                                                           dx:    0.28
Iteration 04
	model frequencies (percent)
	model 1: 10.7| model 2: 38.1| model 3: 51.2| 
                                                           dL:    6.61
                                                           dm:    4.73
                                                           dx:    0.25
Iteration 05
	model frequencies (percent)
	model 1: 5.1| model 2: 36.4| model 3: 58.5| 
                                                           dL:    8.30
                                                           dm:    7.32
                                                           dx:    0.24
Iteration 06
	model frequencies (percent)
	model 1: 1.2| model 2: 33.0| model 3: 65.8| 
                                                           dL:   38.29
                                                           dm:    7.31
                                                           dx:    0.96
Iteration 07
	model frequencies (percent)
	model 1: 3.6| model 2: 28.7| model 3: 67.8| 
                                                           dL:   15.34
                                                           dm:    1.90
                                                           dx:    2.26
Iteration 08
	model frequencies (percent)
	model 1: 3.6| model 2: 26.3| model 3: 70.1| 
                                                           dL:    2.87
                                                           dm:    2.35
                                                           dx:    0.49
Iteration 09
	model frequencies (percent)
	model 1: 3.6| model 2: 24.5| model 3: 71.9| 
                                                           dL:    1.79
                                                           dm:    1.79
                                                           dx:    0.28
Iteration 10
	model frequencies (percent)
	model 1: 3.6| model 2: 23.4| model 3: 73.0| 
                                                           dL:    1.48
                                                           dm:    1.11
                                                           dx:    0.19
Iteration 11
	model frequencies (percent)
	model 1: 3.6| model 2: 22.9| model 3: 73.5| 
                                                           dL:  -45.43
                                                           dm:    0.46
                                                           dx:    0.13
Iteration 12
	model frequencies (percent)
	model 1: 0.1| model 2: 22.6| model 3: 77.4| 
                                                           dL:   10.34
                                                           dm:    3.89
                                                           dx:    1.06
Iteration 13
	model frequencies (percent)
	model 1: 0.0| model 2: 22.5| model 3: 77.5| 
                                                           dL:    3.42
                                                           dm:    0.19
                                                           dx:    1.80
Iteration 14
	model frequencies (percent)
	model 1: 0.0| model 2: 22.7| model 3: 77.3| 
                                                           dL:    0.45
                                                           dm:    0.23
                                                           dx:    0.07
Iteration 15
	model frequencies (percent)
	model 1: 0.0| model 2: 22.9| model 3: 77.1| 
                                                           dL:    0.36
                                                           dm:    0.23
                                                           dx:    0.02
Iteration 16
	model frequencies (percent)
	model 1: 0.0| model 2: 23.0| model 3: 77.0| 
                                                           dL:    0.24
                                                           dm:    0.14
                                                           dx:    0.02
Iteration 17
	model frequencies (percent)
	model 1: 0.0| model 2: 23.1| model 3: 76.9| 
                                                           dL:    0.17
                                                           dm:    0.05
                                                           dx:    0.02
Iteration 18
	model frequencies (percent)
	model 1: 0.0| model 2: 23.1| model 3: 76.9| 
                                                           dL:    0.12
                                                           dm:    0.01
                                                           dx:    0.01
Iteration 19
	model frequencies (percent)
	model 1: 0.0| model 2: 23.1| model 3: 76.9| 
                                                           dL:    0.09
                                                           dm:    0.02
                                                           dx:    0.01
Iteration 20
	model frequencies (percent)
	model 1: 0.0| model 2: 23.1| model 3: 76.9| 
                                                           dL:    0.07
                                                           dm:    0.03
                                                           dx:    0.01
                                                          Converged :]
